<?xml version="1.0" encoding="UTF-8"?>
<!-- Generated by org.testng.reporters.JUnitReportReporter -->
<testsuite hostname="DESKTOP-FVL7V1F" failures="0" tests="1" name="TestCases.UserRegTest" time="0.009" errors="0" timestamp="2023-06-27T23:24:52 IST" skipped="0">
  <testcase classname="TestCases.UserRegTest" name="CheckUserReg" time="0.009"/>
</testsuite> <!-- TestCases.UserRegTest -->
