<?xml version="1.0" encoding="UTF-8"?>
<!-- Generated by org.testng.reporters.JUnitReportReporter -->
<testsuite hostname="DESKTOP-FVL7V1F" failures="0" tests="1" name="TestCases.testCases" time="0.012" errors="0" timestamp="2023-06-27T16:38:49 IST" skipped="0">
  <testcase classname="TestCases.testCases" name="testcase1" time="0.012"/>
</testsuite> <!-- TestCases.testCases -->
